<?xml version="1.0" encoding="UTF-8"?>
<testsuite name="com.example.project.TestTema1" tests="1" skipped="0" failures="0" errors="0" timestamp="2022-12-07T11:01:10" hostname="emi-Inspiron-15-3567" time="0.235">
  <properties/>
  <testcase name="testGetSolutionsSuccessfully()" classname="com.example.project.TestTema1" time="0.235"/>
  <system-out><![CDATA[]]></system-out>
  <system-err><![CDATA[]]></system-err>
</testsuite>
